[    0.000000] nitialzing cgroup subsys cpuset
[    .000000] Initializing cgroup subsys cpu
[    0.000000] Initializing cgroup subsys cpuacct
[    0.000000] Linux version 4.4.0-141-generic (buildd@lcy01-amd64-006) (gcc version 5.4.0 20160609 (Ubuntu 5.4.0-6ubuntu1~16.04.10) ) #167-Ubuntu SMP Wed Dec 5 10:40:15 UTC 2018 (Ubuntu 4.4.0-141.167-generic 4.4.162)
[    0.000000] Command line: BOOT_IMAGE=/boot/vmlinuz-4.4.0-141-generic root=UUID=8decbaf4-e443-4fa3-a19b-bd6d6b0a5c2d ro console=tty1 console=ttyS0
[    0.000000] KERNEL supported cpus:
[    0.000000]   Intel GenuineIntel
[    0.000000]   AMD AuthenticAMD
[    0.000000]   Centaur CentaurHauls
[    0.000000] x86/fpu: xstate_offset2]:  76, xstate_sizes[2]:  26
[    0.000000] x86/fpu: Supporting XSAVE feature 0x01: 'x87 floating point registers'
[    0.000000] x86/fpu: Supporting XSAVE feature 0x02: 'SSE registers'
[    0.000000] x86/fpu: Supporting XSAVE feature 0x04: 'AVX registers'
[    0.000000] x86/fpu: Enabled xstate features 0x7, context size is 832 bytes, using 'standard' format.
[    0.000000] e820: BIOS-provided physical RAM map:
[    0.000000] BIOS-e820: [mem 0x0000000000000000-0x000000000009fbff] usable
[    0.000000] BIS-e820: [mem 0x000000000009fc00-0x000000000009ffff] reserved
[    0.000000] BIOS-e820: [mem 0x00000000000f0000-0x00000000000fffff] reserved
[    0.000000] BIOS-e820: [mem 0x0000000000100000-0x000000003ffeffff] usable
[    0.000000] BIOS-e820: [mem 0x000000003fff0000-0x000000003fffffff] ACPI data
[    0.000000] BIOS-e820: [mem 0x00000000fec00000-0x00000000fec00fff] reserved
[    0.000000] BIOS-e820: [mem 0x00000000fee00000-0x00000000fee00fff] reserved
[    0.000000] BIOS-e820: [mem 0x00000000fffc0000-0x00000000ffffffff] reserved
[    0.000000] NX (Execute Disable) protection: active
[    0.000000] SMBIOS 2.5 present.
[    0.000000] Hypervisor detected: KVM
[    0.000000] e820: last_pfn = 0x3fff0 max_arch_pfn = 0x400000000
[    0.000000] MTRR: Disabled
[    0.000000] x86/PAT: MTRRs disabled, skipping PAT initialization too.
[    0.000000] CPU MTRRs all blank - virtualized system.
[    0.000000] x86/PAT: Configuration [0-7]: WB  WT  UC- UC  WB  WT  UC- UC  
[    0.000000] found SMP MP-table at [mem 0x0009fff0-0x0009ffff] mapped at [ffff88000009fff0]
[    0.000000] Scanning 1 areas for low memory corruption
[    0.000000] RAMDISK: [mem 0x361ee000-0x370eefff]
[    0.000000] ACPI: Early table checksum verification disabled
[    0.000000] ACPI: RSP 0x00000000000E0000 000024 (v02 VBOX )
[    0.000000] ACPI: XSDT 0x000000003FFF0030 00003C (v01 VBOX   VBOXXSDT 00000001 ASL  00000061)
[    0.000000] ACPI: FACP 0x000000003FFF00F0 0000F4 (v04 VBOX   VBOXFACP 00000001 ASL  00000061)
[    0.000000] ACPI: DSDT 0x000000003FFF0470 0021FF (v02 VBOX   VBOXBIOS 00000002 INTL 20100528)
[    0.000000] ACPI: FACS 0x000000003FFF0200 000040
[    0.000000] ACPI: FACS 0x000000003FFF0200 000040

[    0.000000] ACPI: APIC 0x000000003FFF0240 00005C (v02 VBOX   VBOXAPIC 00000001 ASL  00000061)
[    0.000000] ACPI: SSDT 0x000000003FFF02A0 0001CC (v01 VBOX   VBOXCPUT 00000002 INTL 20100528)
[    0.000000] No NUMA configuration found
[    0.000000] Faking a node at [mem 0x0000000000000000-0x000000003ffeffff]
[    0.000000] NODE_DATA( allocated [mem 0x3ffeb000-0x3ffeffff]
[    0.000000] kvm-clock: Using msrs 4b564d01 and 4b564d00
[    0.000000] kvm-clock: cpu 0, msr 0:3ffe3001, primary cpu clock
[    0.000000] kvm-clock: using sched offset of 4901341505 cycles
[    0.000000] clocksource: kvm-clock: mask: 0xffffffffffffffff max_cycles: 0x1cd42e4dffb, max_idle__ns: 881590591483 ns
[    0.000000] Zone rnges:
[    0.000000]   DMA      [mem 0x0000000000001000-0x0000000000ffffff]
[    0.000000]   DMA32    [mem 0x0000000001000000-0x000000003ffeffff]
[    0.000000]   Normal   empty
[    0.000000]   Device   empty
[    0.000000] Movable zone start for each node
[    0.000000] Early memory node ranges
[    0.000000]   node   0: [mem 0x0000000000001000-0x00000000009efff]
[    0.000000]   node   0: [mem 0x0000000000100000-0x000000003ffeffff]
[    0.000000] Initmem setup node 0 [mem 0x0000000000001000-0x000000003ffeffff]
[    0.000000] ACPI: PM-Timer IO Port: 0x4008
[    0.000000] IOAPIC[0]: apic_id 2, version 32, address 0xfec00000, GSI 0-23
[    0.000000] ACPI: INT_SRC_OVR (bus 0 bus_irq 0 global_irq 2 dfl dfl)
[    0.000000] ACPI: INT_SRC_OVR (bus 0 bus_irq 9 global_irq 9 low level)
[    0.000000] Using ACPI (MADT) for SMP configuration information
[    0.000000] smpboot: Allowing 2 CPUs, 0 hotplug CPUs
[    0.000000] PM: Registered nosave memory: [mem 0x00000000-0x00000fff]
[    0.000000] PM: Registered nosave memory: [mem 0x0009f000-0x0009ffff]
[    0.000000] PM: Registered nosave memory: [mem 0x000a0000-0x000effff]
[    0.000000] PM: Registered nosave memry:[mem 0x0f0000-0x000fffff]
[    .00000] e820: [mem 0x40000000-0xfebfffff] available for PCI deces
   0.0000] Booting paravirtualized kernel on KVM
[    0.000000] clocksource: refined-jiffies: mask: 0xffffffff max_cycles: 0xffffffff, max_idle_ns: 7645519600211568 ns
[    0.000000] setup_percpu:NR_CPU:512 nr_cpumask_bits:512 nr_cpu_ids:2 nr_node_ids:1
[    0.000000] PERCPU: Embedded 34 pages/cpu @ffff88003fc00000 s99608 r8192 d31464 u104856
[    0.000000] PV qspinlock hash table entries: 256 (order: 0, 4096 bytes)
[    0.000000] Built 1 zonelists in Node order, mobility grouping on.  Total pages: 257912
[    0.000000] Policy zone: DMA32
[    0.000000] Kernel command line: BOOT_IMAGE=/boot/vmlinuz-4.4.0-141-generic root=UUID=8decbaf4-e443-4fa3-a19b-bd6d6b0a5c2d ro console=tty1 console=ttyS0
[    0.000000] PID hash table entries: 4096 (order: 3, 32768 bytes)
[    0.000000] Memory: 997140K/1048120K available (8568K kernel code, 1314K rwdata, 4008K rodata, 1528K init, 1316K bss, 50980K reserved, 0K cma-reserved)
[    0.000000] SL: HWalign=64, Order=0-3, MinObjects=0 CUs=2, Nodes=1
[    0.000000] Kernel/Uer page tables isolation: enabled
[    0.000000] Hierarchical RCU implementation.
[    0.000000] 	Build-time adjustment of leaf fanout to 64.
[    0.000000] 	RCU restricting CPUfrom NR_CPUS=512 to nr_cpu_ids=2.
[    0.000000] RCU: Adjusting geometry for rcu_fanout_leaf=64, nr_cpu_ids=2
[    0.000000] NR_IRQS:33024 nr__irqs:440 16
[    0.000000] Console: colour VGA+ 80x25
[    0.000000] console [tty1] enabled
[    0.000000] console [ttyS0] enabled
[    0.000000] tsc: Detected 2699.998 MHz processor
[    1.712822] Calibrating delay loop (skipped) preset value.. 5399.99 BogoMIPS (lpj=10799992)
[    1.720741] pid_max: default: 32768 minimum: 301
[    1.723134] ACPI: Core revision 20150930
[    1.727938] ACPI: 2 ACPI AML tables successfully acquired and loaded
[    1.737840] Security Framework initialized
[    1.742481] Yama: becoming mindful.
[    1.746920] AppArmor: AppArmor initialized
[    1.759866] Dentry cache hash table entries: 131072 (order: 8, 1048576 bytes)
[    1.776281] Inode-cache hash table entries: 65536 (order: 7, 524288 bytes)
[    1.779809] Mount-cache hash table entries: 2048 (order: 2, 16384 bytes)
[    1.783305] Mountpoint-cache hash table entries: 2048 (order: 2, 16384 bytes)
[    1.793840] Initializing cgroup subsys io
[    1.795174] Initializing cgroup subsys memory
[    1.798141] Initializing cgroup subsys devices
[    1.817411] Initializing cgroup subsys freezer
[    1.822207] Initializing cgroup subsys net_cls
[    1.823860] Initializing cgroup subsys perf_event
[    1.832462] Initializing cgroup subsys net_prio
[    1.835421] Initializing cgroup subsys hugetlb
[    1.842298] Initializing cgroup subsys pids
[    1.858790] mce: CPU supports 0 MCE banks
[    1.861739] Last level iTLB entries: 4KB 64, 2MB 8, 4MB 8
[    1.863796] Last level dTLB entries: 4KB 64, 2MB 0, 4MB 0, 1GB 4
[    1.865583] Spectre V2 : Mitigation: Full generic retpoline
[    1.867804] Spectre V2 : Spectre v2 mitigation: Speculation control IBPB not-supported IBRS not-supported
[    1.889694] Spectre V2 : Spectre v2 / SpectreRSB mitigation: Filling RSB on context switch
[    1.896315] Speculative Store Bypass: Vulnerable
[    1.902286] Freeing SMP alternatives memory: 32K
[    1.924485] ftrace: allocating 32291 entries in 127 pages
[    2.052167] smpboot: APIC(0) Converting physical 0 to logical package 0
[    2.068796] smpboot: Max logical packages: 1
[    2.080030] x2apic enabled
[    2.088061] Switched APIC routing to physical x2apic.
[    2.099509] ..TIMER: vector=0x30 apic1=0 pin1=2 apic2=-1 pin2=-1
[    2.217299] smpboot: CPU0: Intel(R) Core(TM) i5-5257U CPU @ 2.70GHz (family: 0x6, model: 0x3d, stepping: 0x4)
[    2.231868] Performance Events: unsupported p6 CPU model 61 no PMU driver, software events only.
[    2.248147] KVM setup paravirtual spinlock
[    2.250861] x86: Booting SMP configuration:
[    2.258141] .... node  #0, CPUs:      #1
[    2.270062] kvm-clock: cpu 1, msr 0:3ffe3041, secondary cpu clock
[    2.272520] mce: CPU supports 0 MCE banks
[    2.275525] x86: Booted up 1 node, 2 CPUs
[    2.277486] smpboot: Total of 2 processors activated (10799.99 BogoMIPS)
[    2.280516] devtmpfs: initialized
[    2.287624] evm: security.selinux
[    2.293701] evm: security.SMACK64
[    2.297253] evm: security.SMACK64EXEC
[    2.300914] evm: security.SMACK64TRANSMUTE
[    2.312693] evm: security.SMACK64MMAP
[    2.314199] evm: security.ima
[    2.315442] evm: security.capability
[    2.317294] clocksource: jiffies: mask: 0xffffffff max_cycles: 0xffffffff, max_idle_ns: 7645041785100000 ns
[    2.325905] futex hash table entries: 512 (order: 3, 32768 bytes)
[    2.328377] pinctrl core: initialized pinctrl subsystem
[    2.337934] RTC time: 16:45:34, date: 02/16/19
[    2.344964] NET: Registered protocol family 16
[    2.361720] cpuidle: using governor ladder
[    2.377751] cpuidle: using governor menu
[    2.386464] PCCT header not found.
[    2.388701] ACPI: bus type PCI registered
[    2.398565] acpiphp: ACPI Hot Plug PCI Controller Driver version: 0.5
[    2.408839] PCI: Using configuration type 1 for base access
[    2.426147] ACPI: Added _OSI(Module Device)
[    2.443333] ACPI: Added _OSI(Processor Device)
[    2.446749] ACPI: Added _OSI(3.0 _SCP Extensions)
[    2.449432] ACPI: Added _OSI(Processor Aggregator Device)
[    2.460937] ACPI: Executed 1 blocks of module-level executable AML code
[    2.478156] ACPI: Interpreter enabled
[    2.481819] ACPI: (supports S0 S5)
[    2.483562] ACPI: Using IOAPIC for interrupt routing
[    2.485591] PCI: Using host bridge windows from ACPI; if necessary, use "pci=nocrs" and report a bug
[    2.499680] ACPI: PCI Root Bridge [PCI0] (domain 0000 [bus 00-ff])
[    2.502738] acpi PNP0A03:00: _OSC: OS supports [ASPM ClockPM Segments MSI]
[    2.510834] acpi PNP0A03:00: _OSC: not requesting OS control; OS requires [ExtendedConfig ASPM ClockPM MSI]
[    2.532068] acpi PNP0A03:00: fail to add MMCONFIG information, can't access extended PCI configuration space under this bridge.
[    2.547628] PCI host bridge to bus 0000:00
[    2.561063] pci_bus 0000:00: root bus resource [io  0x0000-0x0cf7 window]
[    2.577603] pci_bus 0000:00: root bus resource [io  0x0d00-0xffff window]
[    2.580526] pci_bus 0000:00: root bus resource [mem 0x000a0000-0x000bffff window]
[    2.589944] pci_bus 0000:00: root bus resource [mem 0x40000000-0xfdffffff window]
[    2.595974] pci_bus 0000:00: root bus resource [bus 00-ff]
[    2.609487] pci 0000:00:01.1: legacy IDE quirk: reg 0x10: [io  0x01f0-0x01f7]
[    2.615550] pci 0000:00:01.1: legacy IDE quirk: reg 0x14: [io  0x03f6]
[    2.619088] pci 0000:00:01.1: legacy IDE quirk: reg 0x18: [io  0x0170-0x0177]
[    2.637809] pci 0000:00:01.1: legacy IDE quirk: reg 0x1c: [io  0x0376]
[    2.724284] pci 0000:00:07.0: quirk: [io  0x4000-0x403f] claimed by PIIX4 ACPI
[    2.769936] pci 0000:00:07.0: quirk: [io  0x4100-0x410f] claimed by PIIX4 SMB
[    2.790530] ACPI: PCI Interrupt Link [LNKA] (IRQs 5 9 10 *11)
[    2.794922] ACPI: PCI Interrupt Link [LNKB] (IRQs 5 9 *10 11)
[    2.798059] ACPI: PCI Interrupt Link [LNKC] (IRQs 5 *9 10 11)
[    2.814315] ACPI: PCI Interrupt Link [LNKD] (IRQs 5 9 10 *11)
[    2.817220] ACPI: Enabled 2 GPEs in block 00 to 07
[    2.826236] vgaarb: setting as boot device: PCI:0000:00:02.0
[    2.834325] vgaarb: device added: PCI:0000:00:02.0,decodes=io+mem,owns=io+mem,locks=none
[    2.843029] vgaarb: loaded
[    2.846670] vgaarb: bridge control possible 0000:00:02.0
[    2.854330] SCSI subsystem initialized
[    2.859247] ACPI: bus type USB registered
[    2.863995] usbcore: registered new interface driver usbfs
[    2.870398] usbcore: registered new interface driver hub
[    2.875913] usbcore: registered new device driver usb
[    2.885683] PCI: Using ACPI for IRQ routing
[    2.889536] NetLabel: Initializing
[    2.893627] NetLabel:  domain hash size = 128
[    2.897315] NetLabel:  protocols = UNLABELED CIPSOv4
[    2.903342] NetLabel:  unlabeled traffic allowed by default
[    2.906902] amd_nb: Cannot enumerate AMD northbridges
[    2.910196] clocksource: Switched to clocksource kvm-clock
[    2.942220] AppArmor: AppArmor Filesystem Enabled
[    2.953495] pnp: PnP ACPI init
[    2.958633] pnp: PnP ACPI: found 3 devices
[    2.969515] clocksource: acpi_pm: mask: 0xffffff max_cycles: 0xffffff, max_idle_ns: 2085701024 ns
[    2.986019] NET: Registered protocol family 2
[    2.988087] TCP established hash table entries: 8192 (order: 4, 65536 bytes)
[    3.010417] TCP bind hash table entries: 8192 (order: 5, 131072 bytes)
[    3.024163] TCP: Hash tables configured (established 8192 bind 8192)
[    3.026561] UDP hash table entries: 512 (order: 2, 16384 bytes)
[    3.050194] UDP-Lite hash table entries: 512 (order: 2, 16384 bytes)
[    3.052153] NET: Registered protocol family 1
[    3.053876] pci 0000:00:00.0: Limiting direct PCI/PCI transfers
[    3.063344] pci 0000:00:01.0: Activating ISA DMA hang workarounds
[    3.085522] Unpacking initramfs...
[    3.458389] Freeing initrd memory: 15364K
[    3.517040] RAPL PMU detected, API unit is 2^-32 Joules, 4 fixed counters 10737418240 ms ovfl timer
[    3.562691] hw unit of domain pp0-core 2^-0 Joules
[    3.574719] hw unit of domain package 2^-0 Joules
[    3.577592] hw unit of domain dram 2^-0 Joules
[    3.608338] hw unit of domain pp1-gpu 2^-0 Joules
[    3.611311] platform rtc_cmos: registered platform RTC device (no PNP device found)
[    3.621027] Scanning for low memory corruption every 60 seconds
[    3.629422] audit: initializing netlink subsys (disabled)
[    3.642374] audit: type=2000 audit(1550335540.134:1): initialized
[    3.724004] Initialise system trusted keyring
[    3.868621] HugeTLB registered 2 MB page size, pre-allocated 0 pages
[    3.935569] zbud: loaded
[    3.938026] VFS: Disk quotas dquot_6.6.0
[    3.939943] VFS: Dquot-cache hash table entries: 512 (order 0, 4096 bytes)
[    3.942989] squashfs: version 4.0 (2009/01/31) Phillip Lougher
[    3.963790] fuse init (API version 7.23)
[    3.986228] Key type big_key registered
[    3.988210] Allocating IMA MOK and blacklist keyrings.
[    4.009922] Key type asymmetric registered
[    4.015117] Asymmetric key parser 'x509' registered
[    4.017578] Block layer SCSI generic (bsg) driver version 0.4 loaded (major 249)
[    4.021836] io scheduler noop registered
[    4.027437] io scheduler deadline registered (default)
[    4.032719] io scheduler cfq registered
[    4.039436] pci_hotplug: PCI Hot Plug PCI Core version: 0.5
[    4.045130] pciehp: PCI Express Hot Plug Controller Driver version: 0.4
[    4.069084] ACPI: AC Adapter [AC] (off-line)
[    4.076139] input: Power Button as /devices/LNXSYSTM:00/LNXPWRBN:00/input/input0
[    4.082455] ACPI: Power Button [PWRF]
[    4.087352] input: Sleep Button as /devices/LNXSYSTM:00/LNXSLPBN:00/input/input1
[    4.106587] ACPI: Sleep Button [SLPF]
[    4.114645] GHES: HEST is not enabled!
[    4.116886] ACPI: Battery Slot [BAT0] (battery present)
[    4.125974] Serial: 8250/16550 driver, 32 ports, IRQ sharing enabled
[    4.163749] 00:02: ttyS0 at I/O 0x3f8 (irq = 4, base_baud = 115200) is a 16550A
[    4.225613] Linux agpgart interface v0.103
[    4.271371] loop: module loaded
[    4.281831] scsi host0: ata_piix
[    4.284136] scsi host1: ata_piix
[    4.288275] ata1: PATA max UDMA/33 cmd 0x1f0 ctl 0x3f6 bmdma 0xd000 irq 14
[    4.290674] ata2: PATA max UDMA/33 cmd 0x170 ctl 0x376 bmdma 0xd008 irq 15
[    4.293789] libphy: Fixed MDIO Bus: probed
[    4.303672] tun: Universal TUN/TAP device driver, 1.6
[    4.312656] tun: (C) 1999-2004 Max Krasnyansky <maxk@qualcomm.com>
[    4.316621] PPP generic driver version 2.4.2
[    4.318620] ehci_hcd: USB 2.0 'Enhanced' Host Controller (EHCI) Driver
[    4.321305] ehci-pci: EHCI PCI platform driver
[    4.323475] ehci-platform: EHCI generic platform driver
[    4.325498] ohci_hcd: USB 1.1 'Open' Host Controller (OHCI) Driver
[    4.327763] ohci-pci: OHCI PCI platform driver
[    4.340683] ohci-platform: OHCI generic platform driver
[    4.342798] uhci_hcd: USB Universal Host Controller Interface driver
[    4.344668] i8042: PNP: PS/2 Controller [PNP0303:PS2K,PNP0f03:PS2M] at 0x60,0x64 irq 1,12
[    4.348119] serio: i8042 KBD port at 0x60,0x64 irq 1
[    4.350425] serio: i8042 AUX port at 0x60,0x64 irq 12
[    4.352555] mousedev: PS/2 mouse device common for all mice
[    4.356612] rtc_cmos rtc_cmos: rtc core: registered rtc_cmos as rtc0
[    4.359237] input: AT Translated Set 2 keyboard as /devices/platform/i8042/serio0/input/input2
[    4.373095] rtc_cmos rtc_cmos: alarms up to one day, 114 bytes nvram
[    4.373352] i2c /dev entries driver
[    4.373676] device-mapper: uevent: version 1.0.3
[    4.397938] device-mapper: ioctl: 4.34.0-ioctl (2015-10-28) initialised: dm-devel@redhat.com
[    4.397971] ledtrig-cpu: registered to indicate activity on CPUs
[    4.398382] NET: Registered protocol family 10
[    4.398699] NET: Registered protocol family 17
[    4.398765] Key type dns_resolver registered
[    4.400010] registered taskstats version 1
[    4.400083] Loading compiled-in X.509 certificates
[    4.401001] Loaded X.509 cert 'Build time autogenerated kernel key: 7c9fb337b82e5a343493fe891c556beae1895c7c'
[    4.401270] zswap: loaded using pool lzo/zbud
[    4.403830] Key type trusted registered
[    4.408887] Key type encrypted registered
[    4.408896] AppArmor: AppArmor sha1 policy hashing enabled
[    4.408899] ima: No TPM chip found, activating TPM-bypass!
[    4.408907] ima: Allocated hash algorithm: sha1
[    4.408924] evm: HMAC attrs: 0x1
[    4.409455]   Magic number: 7:111:793
[    4.409721] rtc_cmos rtc_cmos: setting system clock to 2019-02-16 16:45:36 UTC (1550335536)
[    4.409828] BIOS EDD facility v0.16 2004-Jun-25, 0 devices found
[    4.409828] EDD information not available.
[    4.556069] Freeing unused kernel memory: 1528K
[    4.592767] Write protecting the kernel read-only data: 14336k
[    4.613213] tsc: Refined TSC clocksource calibration: 2702.989 MHz
[    4.613216] clocksource: tsc: mask: 0xffffffffffffffff max_cycles: 0x26f64629077, max_idle_ns: 440795248133 ns
[    6.158650] Freeing unused kernel memory: 1660K
[    6.182652] Freeing unused kernel memory: 88K
Loading, please wait...
starting version[    6.229716] random: systemd-udevd: uninitialized urandom read (16 bytes read, 7 bits of entropy available)
 229
[    6.232387] random: udevadm: uninitialized urandom read (16 bytes read, 7 bits of entropy available)
[    6.232409] random: udevadm: uninitialized urandom read (16 bytes read, 7 bits of entropy available)
[    6.241709] random: udevadm: uninitialized urandom read (16 bytes read, 7 bits of entropy available)
[    6.241753] random: udevadm: uninitialized urandom read (16 bytes read, 7 bits of entropy available)
[    6.241888] random: udevadm: uninitialized urandom read (16 bytes read, 7 bits of entropy available)
[    6.241934] random: udevadm: uninitialized urandom read (16 bytes read, 7 bits of entropy available)
[    6.241979] random: udevadm: uninitialized urandom read (16 bytes read, 7 bits of entropy available)
[    6.242023] random: udevadm: uninitialized urandom read (16 bytes read, 7 bits of entropy available)
[    6.242063] random: udevadm: uninitialized urandom read (16 bytes read, 7 bits of entropy available)
[    6.350840] e1000: Intel(R) PRO/1000 Network Driver - version 7.3.21-k8-NAPI
[    6.376045] e1000: Copyright (c) 1999-2006 Intel Corporation.
[    6.446569] Fusion MPT base driver 3.04.20
[    6.456275] Copyright (c) 1999-2008 LSI Corporation
[    6.483276] Fusion MPT SPI Host driver 3.04.20
[    6.495389] AVX2 version of gcm_enc/dec engaged.
[    6.501482] AES CTR mode by8 optimization enabled
[    6.639764] input: ImExPS/2 Generic Explorer Mouse as /devices/platform/i8042/serio1/input/input4
[    6.917165] e1000 0000:00:03.0 eth0: (PCI:33MHz:32-bit) 02:93:23:4d:82:b3
[    6.922075] e1000 0000:00:03.0 eth0: Intel(R) PRO/1000 Network Connection
[    6.939735] mptbase: ioc0: Initiating bringup
[    6.940615] e1000 0000:00:03.0 enp0s3: renamed from eth0
[    7.026722] ioc0: LSI53C1030 A0: Capabilities={Initiator}
[    7.202338] scsi host2: ioc0: LSI53C1030 A0, FwRev=00000000h, Ports=1, MaxQ=256, IRQ=20
[    7.559610] scsi 2:0:0:0: Direct-Access     VBOX     HARDDISK         1.0  PQ: 0 ANSI: 5
[    7.612829] scsi target2:0:0: Beginning Domain Validation
[    7.619950] scsi target2:0:0: Domain Validation skipping write tests
[    8.007729] scsi target2:0:0: Ending Domain Validation
[    8.935470] scsi target2:0:0: asynchronous
[    8.946947] scsi 2:0:1:0: Direct-Access     VBOX     HARDDISK         1.0  PQ: 0 ANSI: 5
[   10.093620] scsi target2:0:1: Beginning Domain Validation
[   10.143077] scsi target2:0:1: Domain Validation skipping write tests
[   11.092437] scsi target2:0:1: Ending Domain Validation
[   11.353454] scsi target2:0:1: asynchronous
[   11.380598] sd 2:0:0:0: [sda] 20971520 512-byte logical blocks: (10.7 GB/10.0 GiB)
[   11.381008] sd 2:0:0:0: Attached scsi generic sg0 type 0
[   11.381315] sd 2:0:1:0: Attached scsi generic sg1 type 0
[   11.382080] sd 2:0:1:0: [sdb] 20480 512-byte logical blocks: (10.5 MB/10.0 MiB)
[   11.385462] sd 2:0:1:0: [sdb] Write Protect is off
[   11.385644] sd 2:0:1:0: [sdb] Incomplete mode parameter data
[   11.385646] sd 2:0:1:0: [sdb] Assuming drive cache: write through
[   11.436806] sd 2:0:1:0: [sdb] Attached SCSI disk
[   11.537811] sd 2:0:0:0: [sda] Write Protect is off
[   11.640400] sd 2:0:0:0: [sda] Incomplete mode parameter data
[   11.670460] sd 2:0:0:0: [sda] Assuming drive cache: write through
[   11.698439]  sda: sda1
[   11.710018] sd 2:0:0:0: [sda] Attached SCSI disk
Begin: Loading essential drivers ... [   13.924890] md: linear personality registered for level -1
[   13.934663] md: multipath personality registered for level -4
[   13.947564] md: raid0 personality registered for level 0
[   14.002400] md: raid1 personality registered for level 1
[   14.094263] raid6: sse2x1   gen()  4898 MB/s
[   14.170694] raid6: sse2x1   xor()  3397 MB/s
[   14.242461] raid6: sse2x2   gen()  4746 MB/s
[   14.315314] raid6: sse2x2   xor()  2557 MB/s
[   14.439974] raid6: sse2x4   gen()  5283 MB/s
[   14.526295] raid6: sse2x4   xor()  2370 MB/s
[   14.603037] raid6: avx2x1   gen()  6950 MB/s
[   14.678326] raid6: avx2x2   gen()  9789 MB/s
[   14.755734] raid6: avx2x4   gen() 11708 MB/s
[   14.762289] raid6: using algorithm avx2x4 gen() 11708 MB/s
[   14.773705] raid6: using avx2x2 recovery algorithm
[   14.781641] xor: automatically using best checksumming function:
[   14.830603]    avx       : 13478.000 MB/sec
[   14.836052] async_tx: api initialized (async)
[   14.864885] md: raid6 personality registered for level 6
[   14.870217] md: raid5 personality registered for level 5
[   14.874707] md: raid4 personality registered for level 4
[   14.901753] md: raid10 personality registered for level 10
done.
Begin: Running /scripts/init-premount ... done.
Begin: Mounting root file syst[   14.988643] Btrfs loaded
em ... Begin: Running /scripts/local-top ... done.
Begin: Running /scripts/loca[   15.163328] EXT4-fs (sda1): mounted filesystem with ordered data mode. Opts: (null)
l-premount ... Scanning for Btrfs filesystems
done.
Warning: fsck not present, so skipping root file system
done.
Begin: Running /scripts/local-bottom ... done.
Begin: Running /scripts/init-bottom ... done.
[   15.618895] systemd[1]: systemd 229 running in system mode. (+PAM +AUDIT +SELINUX +IMA +APPARMOR +SMACK +SYSVINIT +UTMP +LIBCRYPTSETUP +GCRYPT +GNUTLS +ACL +XZ -LZ4 +SECCOMP +BLKID +ELFUTILS +KMOD -IDN)
[   15.631483] systemd[1]: Detected virtualization oracle.
[   15.634302] systemd[1]: Detected architecture x86-64.

Welcome to [1mUbuntu 16.04.5 LTS[0m!

[   15.642475] systemd[1]: Set hostname to <ubuntu-xenial>.
[   15.878089] systemd[1]: Listening on udev Control Socket.
[[0;32m  OK  [0m] Listening on udev Control Socket.
[   15.882711] systemd[1]: Listening on /dev/initctl Compatibility Named Pipe.
[[0;32m  OK  [0m] Listening on /dev/initctl Compatibility Named Pipe.
[   15.898701] systemd[1]: Started Forward Password Requests to Wall Directory Watch.
[[0;32m  OK  [0m] Started Forward Password Requests to Wall Directory Watch.
[   15.922377] systemd[1]: Listening on LVM2 metadata daemon socket.
[[0;32m  OK  [0m] Listening on LVM2 metadata daemon socket.
[   15.928007] systemd[1]: Set up automount Arbitrary Executable File Formats File System Automount Point.
[[0;32m  OK  [0m] Set up automount Arbitrary Executab...ats File System Automount Point.
[   15.936626] systemd[1]: Reached target Swap.
[   15.941338] random: nonblocking pool is initialized
[[0;32m  OK  [0m] Reached target Swap.
[   15.950825] systemd[1]: Listening on Syslog Socket.
[[0;32m  OK  [0m] Listening on Syslog Socket.
[   15.972904] systemd[1]: Created slice User and Session Slice.
[[0;32m  OK  [0m] Created slice User and Session Slice.
[   16.002668] systemd[1]: Listening on Journal Socket (/dev/log).
[[0;32m  OK  [0m] Listening on Journal Socket (/dev/log).
[   16.012613] systemd[1]: Listening on Journal Audit Socket.
[[0;32m  OK  [0m] Listening on Journal Audit Socket.
[   16.172150] systemd[1]: Listening on Journal Socket.
[[0;32m  OK  [0m] Listening on Journal Socket.
[   16.187098] systemd[1]: Reached target Encrypted Volumes.
[[0;32m  OK  [0m] Reached target Encrypted Volumes.
[   16.219169] systemd[1]: Listening on Device-mapper event daemon FIFOs.
[[0;32m  OK  [0m] Listening on Device-mapper event daemon FIFOs.
[   16.229477] systemd[1]: Listening on LVM2 poll daemon socket.
[[0;32m  OK  [0m] Listening on LVM2 poll daemon socket.
[   16.246917] systemd[1]: Reached target System Time Synchronized.
[[0;32m  OK  [0m] Reached target System Time Synchronized.
[   16.286184] systemd[1]: Started Trigger resolvconf update for networkd DNS.
[[0;32m  OK  [0m] Started Trigger resolvconf update for networkd DNS.
[   16.302083] systemd[1]: Reached target User and Group Name Lookups.
[[0;32m  OK  [0m] Reached target User and Group Name Lookups.
[   16.330692] systemd[1]: Created slice System Slice.
[[0;32m  OK  [0m] Created slice System Slice.
[   16.356859] systemd[1]: Reached target Slices.
[[0;32m  OK  [0m] Reached target Slices.
[   16.395588] systemd[1]: Starting Journal Service...
         Starting Journal Service...
[   16.471909] systemd[1]: Starting Nameserver information manager...
         Starting Nameserver information manager...
[   16.526758] systemd[1]: Starting Load Kernel Modules...
[   16.540325]oading iSCSI transport class v2.0-870

         Starting Load Kernel Modules...
[   16.665754] iscsi: registered transport (tcp)
[   17.471398] systemd[1]: Starting Set console keymap...
         Starting Set console keymap...
[   17.486537] systemd[1]: Created slice system-serial\x2dgetty.slice.
[[0;32m  OK  [0m] Created slice system-serial\x2dgetty.slice.
[   17.520321] iscsi: registered transport (iser)
[   17.542550] systemd[1]: Starting Remount Root and Kernel File Systems...
         [   17.573596] EXT4-fs (sda1): re-mounted. Opts: (null)
Starting Remount Root and Kernel File Systems...
[   17.595245] systemd[1]: Starting Uncomplicated firewall...
         Starting Uncomplicated firewall...
[   17.615643] systemd[1]: Starting Monitoring of LVM2 mirrors, snapshots etc. using dmeventd or progress polling...
         Starting Monitoring of LVM2 mirrors... dmeventd or progress polling...
[   17.663497] systemd[1]: Starting Create list of required static device nodes for the current kernel...
         Starting Create list of required st... nodes for the current kernel...
[   17.692263] systemd[1]: Mounting POSIX Message Queue File System...
         Mounting POSIX Message Queue File System...
[   17.718794] systemd[1]: Listening on udev Kernel Socket.
[[0;32m  OK  [0m] Listening on udev Kernel Socket.
[   17.742787] systemd[1]: Mounting Debug File System...
         Mounting Debug File System...
[   17.764359] systemd[1]: Mounting Huge Pages File System...
         Mounting Huge Pages File System...
[   17.790034] systemd[1]: Mounted POSIX Message Queue File System.
[[0;32m  OK  [0m] Mounted POSIX Message Queue File System.
[   17.815108] systemd[1]: Mounted Debug File System.
[[0;32m  OK  [0m] Mounted Debug File System.
[   17.832598] systemd[1]: Mounted Huge Pages File System.
[[0;32m  OK  [0m] Mounted Huge Pages File System.
[   17.849989] systemd[1]: Started Journal Service.
[[0;32m  OK  [0m] Started Journal Service.
[[0;32m  OK  [0m] Started Load Kernel Modules.
[[0;32m  OK  [0m] Started Set console keymap.
[[0;32m  OK  [0m] Started Remount Root and Kernel File Systems.
[[0;32m  OK  [0m] Started Uncomplicated firewall.
[[0;32m  OK  [0m] Started Create list of required sta...ce nodes for the current kernel.
[[0;32m  OK  [0m] Started Nameserver information manager.
[[0;32m  OK  [0m] Started LVM2 metadata daemon.
         Starting Create Static Device Nodes in /dev...
         Starting udev Coldplug all Devices...
         Starting Load/Save Random Seed...
         Starting Apply Kernel Variables...
         Mounting FUSE Control File System...
         Starting Flush Journal to Persistent Storage...
[[0;32m  OK  [0m] Mounted FUSE Control File System.
[[0;32m  OK  [0m] Started Create Static Device Nodes in /dev.
[[0;32m  OK  [0m] Started Load/Save Random Seed.
[[0;32m  OK  [0m] Started Apply Kernel Variables.
[[0;32m  OK  [0m] Started Monitoring of LVM2 mirrors,...ng dmeventd or progress polling.
[[0;32m  OK  [0m] Started udev Coldplug all Devices.
[[0;32m  OK  [0m] Started Flush Journal to Persistent Storage.
         Starting udev Kernel Device Manager...
[[0;32m  OK  [0m] Started udev Kernel Device Manager.
[[0;32m  OK  [0m] Started Dispatch Password Requests to Console Directory Watch.
[[0;32m  OK  [0m] Reached target Local File Systems (Pre).
[[0;32m  OK  [0m] Reached target Local File Systems.
         Starting Set console font and keymap...
         Starting Tell Plymouth To Write Out Runtime Data...
         Starting Create Volatile Files and Directories...
         Starting Initial cloud-init job (pre-networking)...
         Starting LSB: AppArmor initialization...
[[0;32m  OK  [0m] Started Tell Plymouth To Write Out Runtime Data.
[[0;32m  OK  [0m] Started Create Volatile Files and Directories.
         Starting Update UTMP about System Boot/Shutdown...
[[0;32m  OK  [0m] Started Update UTMP about System Boot/Shutdown.
[[0;32m  OK  [0m] Found device /dev/ttyS0.
[[0;32m  OK  [0m] Started LSB: AppArmor initialization.
[[0;32m  OK  [0m] Listening on Load/Save RF Kill Switch Status /dev/rfkill Watch.
[[0;32m  OK  [0m] Found device 82540EM Gigabit Ethern...r (PRO/1000 MT Desktop Adapter).
[[0;32m  OK  [0m] Started Set console font and keymap.
[[0;32m  OK  [0m] Created slice system-getty.slice.
[   17.946429] cloud-init[501]: Cloud-init v. 18.3-9-g2e62cb8a-0ubuntu1~16.04.2 running 'init-local' at Sat, 16 Feb 2019 16:45:51 +0000. Up 17.54 seconds.
[[0;32m  OK  [0m] Started Initial cloud-init job (pre-networking).
[[0;32m  OK  [0m] Reached target Network (Pre).
         Starting Raise network interfaces...
[[0;32m  OK  [0m] Started ifup for enp0s3.
[[0;32m  OK  [0m] Started Raise network interfaces.
[[0;32m  OK  [0m] Reached target Network.
         Starting Initial cloud-init job (metadata service crawler)...
[   18.916397] cloud-init[961]: Cloud-init v. 18.3-9-g2e62cb8a-0ubuntu1~16.04.2 running 'init' at Sat, 16 Feb 2019 16:45:52 +0000. Up 18.50 seconds.
[   19.317107] cloud-init[961]: ci-info: ++++++++++++++++++++++++++++++++++++++Net device info++++++++++++++++++++++++++++++++++++++
[   19.383188] cloud-init[961]: ci-info: +--------+------+----------------------------+---------------+--------+-------------------+
[[   19.448559] cloud-init[961]: [0;32m  OK  [0m] Started Initial cloud-init job (metadata service crawler).
[[0;32m  OK  [0m] Reached target Cloud-config availability.
[[0;32m  OK  [0m] Reached target Network is Online.
ci-info: | Device |  Up  |          Address           |      Mask     | Scope  |     Hw-Address    |
[   19.541116]          Starting iSCSI initiator daemon (iscsid)...
[[0;32m  OK  [0m] Reached target System Initialization.
cloud-init[961]: ci-info: +--------+------+----------------------------+---------------+--------+-------------------+
         [   19.617123] Starting Socket activation for snappy daemon.cloud-init
[961]: ci-info: | enp0s3 | True |         10.0.2.15          | 255.255.255.0 | global | 02:93:23:4d:82:b3 |
[   20.093225] cloud-init[961]: ci-info: | enp0s3 | True | fe80::93:23ff:fe4d:82b3/64 |       .       |  link  | 02:93:23:4d:82:b3 |
[[0;32m  OK  [0m] [   20.094269] Listening on UUID daemon activation socket.cloud-init
[961]: ci-info: |   lo   | True |         127.0.0.1          |   255.0.0.0   |  host  |         .         |
[   20.095925] cloud-init[961]: ci-info: |   lo   | True |          ::1/128           |       .       |  host  |         .         |
[   20.430167] cloud-init[961]: ci-info: +--------+------+----------------------------+---------------+--------+-------------------+
[[0;32m  OK  [0m] Started ACPI Events Check.
[   20.430937] cloud-init[961]: ci-info: +++++++++++++++++++++++++++Route IPv4 info++++++++++++++++++++++++++++
[   20.612771] cloud-init[961]: ci-info: +-------+-------------+----------+---------------+-----------+-------+
[   20.613870] cloud-init[961]: ci-info: | Route | Destination | Gateway  |    Genmask    | Interface | Flags |
[[0;32m  OK  [0m] Reached target Paths.
[   20.614927] cloud-init[961]: ci-info: +-------+-------------+----------+---------------+-----------+-------+
[   20.722387] cloud-init[961]: ci-info: |   0   |   0.0.0.0   | 10.0.2.2 |    0.0.0.0    |   enp0s3  |   UG  |
[   20.723094] cloud-init[961]: ci-info: |   1   |   10.0.2.0  | 0.0.0.0  | 255.255.255.0 |   enp0s3  |   U   |
[[0;32m  OK  [0m] Started Daily apt download activities.
[   20.727456] cloud-init[961]: ci-info: +-------+-------------+----------+---------------+-----------+-------+
[[0;32m  OK  [0m] Started Daily apt upgrade and clean activities.
[   20.909838] cloud-init[961]: ci-info: +++++++++++++++++++Route IPv6 info+++++++++++++++++++
[   20.942863] cloud-init[961]: ci-info: +-------+-------------+---------+-----------+-------+
[[0;32m  OK  [0m] Listening on ACPID Listen Socket.
[   20.943415] cloud-init[961]: ci-info: | Route | Destination | Gateway | Interface | Flags |
[   20.962664] cloud-init[961]: ci-info: +-------+-------------+---------+-----------+-------+
[   20.963525] [cloud-init[0;32m  OK  [0m[961]: ] ci-info: |   0   |  fe80::/64  |    ::   |   enp0s3  |   U   |Listening on D-Bus System Message Bus Socket.

[   21.064905] cloud-init[961]: ci-info: |   3   |   ff00::/8  |    ::   |   enp0s3  |   U   |
[   21.065688] cloud-init[961]: ci-info: +-------+-------------+---------+-----------+-------+
         Starting LXD - unix socket.
[[0;32m  OK  [0m] Started Daily Cleanup of Temporary Directories.
[[0;32m  OK  [0m] Reached target Timers.
[[0;32m  OK  [0m] Listening on Socket activation for snappy daemon.
[[0;32m  OK  [0m] Listening on LXD - unix socket.
[[0;32m  OK  [0m] Started iSCSI initiator daemon (iscsid).
         Starting Login to default iSCSI targets...
[[0;32m  OK  [0m] Reached target Sockets.
[[0;32m  OK  [0m] Reached target Basic System.
[[0;32m  OK  [0m] Started Regular background program processing daemon.
[[0;32m  OK  [0m] Started FUSE filesystem for LXC.
         Starting Virtualbox guest utils...
[[0;32m  OK  [0m] Started D-Bus System Message Bus.
         Starting System Logging Service...
         Starting Login Service...
[[0;32m  OK  [0m] Started ACPI event daemon.
         Starting Snappy daemon...
         Starting /etc/rc.local Compatibility...
         Starting Accounts Service...
         Starting LSB: Record successful boot for GRUB...
         Starting LXD - container startup/shutdown...
         Starting OpenBSD Secure Shell server...
[[0;32m  OK  [0m] Started Unattended Upgrades Shutdown.
[[0;32m  OK  [0m] Started Deferred execution scheduler.
         Starting LSB: MD monitoring daemon...
[[0;32m  OK  [0m] Started System Logging Service.
[[0;32m  OK  [0m] Started /etc/rc.local Compatibility.
[[0;32m  OK  [0m] Started OpenBSD Secure Shell server.
[[0;32m  OK  [0m] Started Login to default iSCSI targets.
[[0;32m  OK  [0m] Started LXD - container startup/shutdown.
[[0;32m  OK  [0m] Started Snappy daemon.
[[0;32m  OK  [0m] Started Virtualbox guest utils.
[[0;32m  OK  [0m] Started LSB: Record successful boot for GRUB.
[[0;32m  OK  [0m] Started LSB: MD monitoring daemon.
[[0;32m  OK  [0m] Started Login Service.
         Starting Authenticate and Authorize Users to Run Privileged Tasks...
         Starting Wait until snapd is fully seeded...
[[0;32m  OK  [0m] Reached target Remote File Systems (Pre).
[[0;32m  OK  [0m] Reached target Remote File Systems.
         Starting LSB: automatic crash report generation...
         Starting Permit User Sessions...
         Starting LSB: Set the CPU Frequency Scaling governor to "ondemand"...
         Starting LSB: daemon to balance interrupts for SMP systems...
[[0;32m  OK  [0m] Started Wait until snapd is fully seeded.
[[0;32m  OK  [0m] Started Permit User Sessions.
[[0;32m  OK  [0m] Started Authenticate and Authorize Users to Run Privileged Tasks.
[[0;32m  OK  [0m] Started Accounts Service.
[[0;32m  OK  [0m] Started LSB: Set the CPU Frequency Scaling governor to "ondemand".
         Starting Hold until boot process finishes up...
         Starting Terminate Plymouth Boot Screen...
         Starting Apply the settings specified in cloud-config...
[[0;32m  OK  [0m] Started LSB: automatic crash report generation.
[[0;32m  OK  [0m] Started LSB: daemon to balance interrupts for SMP systems.
[[0;32m  OK  [0m] Started Hold until boot process finishes up.
[[0;32m  OK  [0m] Started Terminate Plymouth Boot Screen.
[[0;32m  OK  [0m] Started Serial Getty on ttyS0.
         Starting Set console scheme...
[[0;32m  OK  [0m] Started Getty on tty1.
[[0;32m  OK  [0m] Reached target Login Prompts.
[[0;32m  OK  [0m] Reached target Multi-User System.
[[0;32m  OK  [0m] Reached target Graphical Interface.
         Starting Update UTMP about System Runlevel Changes...
[[0;32m  OK  [0m] Started Set console scheme.
[[0;32m  OK  [0m] Started Update UTMP about System Runlevel Changes.
[   23.077755] cloud-init[1193]: Cloud-init v. 18.3-9-g2e62cb8a-0ubuntu1~16.04.2 running 'modules:config' at Sat, 16 Feb 2019 16:45:57 +0000. Up 22.83 seconds.
[[0;32m  OK  [0m] Started Apply the settings specified in cloud-config.
         Starting Execute cloud user/final scripts...
[   23.686515] cloud-init[1217]: Cloud-init v. 18.3-9-g2e62cb8a-0ubuntu1~16.04.2 running 'modules:final' at Sat, 16 Feb 2019 16:45:57 +0000. Up 23.53 seconds.
[   23.728773] cloud-init[1217]: Cloud-init v. 18.3-9-g2e62cb8a-0ubuntu1~16.04.2 finished at Sat, 16 Feb 2019 16:45:58 +0000. Datasource DataSourceNoCloud [seed=/dev/sdb][dsmode=net].  Up 23.68 seconds
[[0;32m  OK  [0m] Started Execute cloud user/final scripts.
[[0;32m  OK  [0m] Reached target Cloud-init target.

Ubuntu 16.04.5 LTS ubuntu-xenial ttyS0

ubuntu-xenial login: 